<?xml version="1.0" encoding="UTF-8"?>
<testng-results ignored="0" total="3" passed="3" failed="0" skipped="0">
  <reporter-output>
  </reporter-output>
  <suite started-at="2023-03-20T18:13:33 IST" name="Default suite" finished-at="2023-03-20T18:13:33 IST" duration-ms="323">
    <groups>
    </groups>
    <test started-at="2023-03-20T18:13:33 IST" name="Default test" finished-at="2023-03-20T18:13:33 IST" duration-ms="323">
      <class name="com.Miniproject.TestNG_Practice">
        <test-method signature="diamond()[pri:0, instance:com.Miniproject.TestNG_Practice@3d1cfad4]" started-at="2023-03-20T18:13:33 IST" name="diamond" finished-at="2023-03-20T18:13:33 IST" duration-ms="42" status="PASS">
          <reporter-output>
          </reporter-output>
        </test-method> <!-- diamond -->
        <test-method signature="triangle()[pri:0, instance:com.Miniproject.TestNG_Practice@3d1cfad4]" started-at="2023-03-20T18:13:33 IST" name="triangle" finished-at="2023-03-20T18:13:33 IST" duration-ms="12" status="PASS">
          <reporter-output>
          </reporter-output>
        </test-method> <!-- triangle -->
        <test-method signature="left_triangle()[pri:1, instance:com.Miniproject.TestNG_Practice@3d1cfad4]" started-at="2023-03-20T18:13:33 IST" name="left_triangle" finished-at="2023-03-20T18:13:33 IST" duration-ms="3" status="PASS">
          <reporter-output>
          </reporter-output>
        </test-method> <!-- left_triangle -->
      </class> <!-- com.Miniproject.TestNG_Practice -->
    </test> <!-- Default test -->
  </suite> <!-- Default suite -->
</testng-results>
