<?xml version="1.0" encoding="UTF-8"?>
<testng-results ignored="2" total="5" passed="3" failed="0" skipped="0">
  <reporter-output>
  </reporter-output>
  <suite started-at="2023-03-22T18:04:19 IST" name="Suite" finished-at="2023-03-22T18:04:19 IST" duration-ms="339">
    <groups>
      <group name="a">
        <method signature="TestNG_Annotations.student1()[pri:0, instance:com.Miniproject.TestNG_Annotations@79da8dc5]" name="student1" class="com.Miniproject.TestNG_Annotations"/>
        <method signature="TestNG_Annotations.student3()[pri:0, instance:com.Miniproject.TestNG_Annotations@79da8dc5]" name="student3" class="com.Miniproject.TestNG_Annotations"/>
        <method signature="TestNG_Annotations.student5()[pri:0, instance:com.Miniproject.TestNG_Annotations@79da8dc5]" name="student5" class="com.Miniproject.TestNG_Annotations"/>
      </group> <!-- a -->
    </groups>
    <test started-at="2023-03-22T18:04:19 IST" name="Test" finished-at="2023-03-22T18:04:19 IST" duration-ms="339">
      <class name="com.Miniproject.TestNG_Annotations">
        <test-method signature="student1()[pri:0, instance:com.Miniproject.TestNG_Annotations@79da8dc5]" started-at="2023-03-22T18:04:19 IST" name="student1" finished-at="2023-03-22T18:04:19 IST" duration-ms="33" status="PASS">
          <reporter-output>
          </reporter-output>
        </test-method> <!-- student1 -->
        <test-method signature="student3()[pri:0, instance:com.Miniproject.TestNG_Annotations@79da8dc5]" started-at="2023-03-22T18:04:19 IST" name="student3" finished-at="2023-03-22T18:04:19 IST" duration-ms="17" status="PASS">
          <reporter-output>
          </reporter-output>
        </test-method> <!-- student3 -->
        <test-method signature="student5()[pri:0, instance:com.Miniproject.TestNG_Annotations@79da8dc5]" started-at="2023-03-22T18:04:19 IST" name="student5" finished-at="2023-03-22T18:04:19 IST" duration-ms="11" status="PASS">
          <reporter-output>
          </reporter-output>
        </test-method> <!-- student5 -->
      </class> <!-- com.Miniproject.TestNG_Annotations -->
    </test> <!-- Test -->
  </suite> <!-- Suite -->
</testng-results>
