<?xml version="1.0" encoding="UTF-8"?>
<!-- Generated by org.testng.reporters.JUnitXMLReporter -->
<testsuite ignored="0" hostname="DESKTOP-P3OCDRL" failures="0" tests="8" name="Default test" time="0.81" errors="0" timestamp="2023-03-21T20:29:59 IST">
  <testcase classname="com.Miniproject.TestNG_Annotations" name="student1" time="0.036"/>
  <testcase classname="com.Miniproject.TestNG_Annotations" name="student1" time="0.006"/>
  <testcase classname="com.Miniproject.TestNG_Annotations" name="student2" time="0.012"/>
  <testcase classname="com.Miniproject.TestNG_Annotations" name="student3" time="0.073"/>
  <testcase classname="com.Miniproject.TestNG_Annotations" name="student3" time="0.034"/>
  <testcase classname="com.Miniproject.TestNG_Annotations" name="student3" time="0.018"/>
  <testcase classname="com.Miniproject.TestNG_Annotations" name="student4" time="0.005"/>
  <testcase classname="com.Miniproject.TestNG_Annotations" name="student5" time="0.033"/>
</testsuite> <!-- Default test -->
