<?xml version="1.0" encoding="UTF-8"?>
<!-- Generated by org.testng.reporters.JUnitXMLReporter -->
<testsuite ignored="0" hostname="DESKTOP-P3OCDRL" failures="0" tests="3" name="Default test" time="0.323" errors="0" timestamp="2023-03-20T18:13:33 IST">
  <testcase classname="com.Miniproject.TestNG_Practice" name="diamond" time="0.042"/>
  <testcase classname="com.Miniproject.TestNG_Practice" name="triangle" time="0.012"/>
  <testcase classname="com.Miniproject.TestNG_Practice" name="left_triangle" time="0.003"/>
</testsuite> <!-- Default test -->
