<?xml version="1.0" encoding="UTF-8"?>
<!-- Generated by org.testng.reporters.JUnitXMLReporter -->
<testsuite ignored="2" hostname="DESKTOP-P3OCDRL" failures="0" tests="3" name="Test" time="0.339" errors="0" timestamp="2023-03-22T18:04:20 IST">
  <testcase classname="com.Miniproject.TestNG_Annotations" name="student1" time="0.033"/>
  <testcase classname="com.Miniproject.TestNG_Annotations" name="student3" time="0.017"/>
  <testcase classname="com.Miniproject.TestNG_Annotations" name="student5" time="0.011"/>
  <testcase classname="com.Miniproject.TestNG_Annotations" name="student2" time="0.0">
    <ignored/>
  </testcase> <!-- student2 -->
  <testcase classname="com.Miniproject.TestNG_Annotations" name="student4" time="0.0">
    <ignored/>
  </testcase> <!-- student4 -->
</testsuite> <!-- Test -->
